[0.016s] Invoking command in '/home/booster/Workspace/boosterxjw/booster_nav2_controller/build/booster_nav2_controller': CMAKE_PREFIX_PATH=/opt/ros/humble /usr/bin/cmake --build /home/booster/Workspace/boosterxjw/booster_nav2_controller/build/booster_nav2_controller -- -j8 -l8
[0.123s] [ 50%] [32mBuilding CXX object CMakeFiles/booster_nav2_example.dir/src/booster_nav2_example.cpp.o[0m
[0.559s] [01m[K/home/booster/Workspace/boosterxjw/booster_nav2_controller/src/booster_nav2_example.cpp:5:10:[m[K [01;31m[Kfatal error: [m[Ktf2_ros/transform_listener.h: No such file or directory
[0.560s]     5 | #include [01;31m[K<tf2_ros/transform_listener.h>[m[K
[0.560s]       |          [01;31m[K^~~~~~~~~~~~~~~~~~~~~~~~~~~~~~[m[K
[0.560s] compilation terminated.
[0.570s] gmake[2]: *** [CMakeFiles/booster_nav2_example.dir/build.make:76: CMakeFiles/booster_nav2_example.dir/src/booster_nav2_example.cpp.o] Error 1
[0.570s] gmake[1]: *** [CMakeFiles/Makefile2:137: CMakeFiles/booster_nav2_example.dir/all] Error 2
[0.571s] gmake: *** [Makefile:146: all] Error 2
[0.576s] Invoked command in '/home/booster/Workspace/boosterxjw/booster_nav2_controller/build/booster_nav2_controller' returned '2': CMAKE_PREFIX_PATH=/opt/ros/humble /usr/bin/cmake --build /home/booster/Workspace/boosterxjw/booster_nav2_controller/build/booster_nav2_controller -- -j8 -l8
