[0.015s] Invoking command in '/home/booster/Workspace/boosterxjw/booster_nav2_controller/build/booster_nav2_controller': CMAKE_PREFIX_PATH=/opt/ros/humble /usr/bin/cmake --build /home/booster/Workspace/boosterxjw/booster_nav2_controller/build/booster_nav2_controller -- -j8 -l8
[0.110s] [ 50%] [32mBuilding CXX object CMakeFiles/booster_nav2_example.dir/src/booster_nav2_example.cpp.o[0m
[0.546s] [01m[K/home/booster/Workspace/boosterxjw/booster_nav2_controller/src/booster_nav2_example.cpp:4:10:[m[K [01;31m[Kfatal error: [m[Krclcpp_action/rclcpp_action.hpp: No such file or directory
[0.547s]     4 | #include [01;31m[K<rclcpp_action/rclcpp_action.hpp>[m[K
[0.547s]       |          [01;31m[K^~~~~~~~~~~~~~~~~~~~~~~~~~~~~~~~~[m[K
[0.547s] compilation terminated.
[0.551s] gmake[2]: *** [CMakeFiles/booster_nav2_example.dir/build.make:76: CMakeFiles/booster_nav2_example.dir/src/booster_nav2_example.cpp.o] Error 1
[0.551s] gmake[1]: *** [CMakeFiles/Makefile2:137: CMakeFiles/booster_nav2_example.dir/all] Error 2
[0.553s] gmake: *** [Makefile:146: all] Error 2
[0.558s] Invoked command in '/home/booster/Workspace/boosterxjw/booster_nav2_controller/build/booster_nav2_controller' returned '2': CMAKE_PREFIX_PATH=/opt/ros/humble /usr/bin/cmake --build /home/booster/Workspace/boosterxjw/booster_nav2_controller/build/booster_nav2_controller -- -j8 -l8
