[0.025s] Invoking command in '/home/booster/Workspace/boosterxjw/booster_ros2_example/build/booster_rpc_client': CMAKE_PREFIX_PATH=${CMAKE_PREFIX_PATH}:/opt/ros/humble /usr/bin/cmake --build /home/booster/Workspace/boosterxjw/booster_ros2_example/build/booster_rpc_client -- -j8 -l8
[0.068s] -- Found ament_cmake: 1.3.11 (/opt/ros/humble/share/ament_cmake/cmake)
[0.305s] -- Found rclcpp: 16.0.12 (/opt/ros/humble/share/rclcpp/cmake)
[0.360s] -- Found rosidl_generator_c: 3.1.6 (/opt/ros/humble/share/rosidl_generator_c/cmake)
[0.364s] -- Found rosidl_adapter: 3.1.6 (/opt/ros/humble/share/rosidl_adapter/cmake)
[0.373s] -- Found rosidl_generator_cpp: 3.1.6 (/opt/ros/humble/share/rosidl_generator_cpp/cmake)
[0.388s] -- Using all available rosidl_typesupport_c: rosidl_typesupport_fastrtps_c;rosidl_typesupport_introspection_c
[0.405s] -- Using all available rosidl_typesupport_cpp: rosidl_typesupport_fastrtps_cpp;rosidl_typesupport_introspection_cpp
[0.452s] -- Found rmw_implementation_cmake: 6.1.2 (/opt/ros/humble/share/rmw_implementation_cmake/cmake)
[0.454s] -- Found rmw_fastrtps_cpp: 6.2.7 (/opt/ros/humble/share/rmw_fastrtps_cpp/cmake)
[0.624s] -- Using RMW implementation 'rmw_fastrtps_cpp' as default
[0.694s] -- Found booster_interface: 0.0.0 (/home/booster/Workspace/boosterxjw/booster_ros2_interface/install/booster_interface/share/booster_interface/cmake)
[0.707s] -- Found rosidl_default_generators: 1.2.0 (/opt/ros/humble/share/rosidl_default_generators/cmake)
[0.718s] -- Found geometry_msgs: 4.8.0 (/opt/ros/humble/share/geometry_msgs/cmake)
[0.742s] -- Found nav2_msgs: 1.1.18 (/opt/ros/humble/share/nav2_msgs/cmake)
[0.878s] -- Found ament_lint_auto: 0.12.12 (/opt/ros/humble/share/ament_lint_auto/cmake)
[1.013s] -- Added test 'cppcheck' to perform static code analysis on C / C++ code
[1.014s] -- Configured cppcheck include dirs: 
[1.015s] -- Configured cppcheck exclude dirs and/or files: 
[1.016s] -- Added test 'lint_cmake' to check CMake code style
[1.017s] -- Added test 'uncrustify' to check C / C++ code style
[1.017s] -- Configured uncrustify additional arguments: 
[1.018s] -- Added test 'xmllint' to check XML markup files
[1.018s] -- Configuring done
[1.043s] -- Generating done
[1.052s] -- Build files have been written to: /home/booster/Workspace/boosterxjw/booster_ros2_example/build/booster_rpc_client
[1.114s] [35m[1mConsolidate compiler generated dependencies of target rpc_client_node[0m
[1.152s] [ 50%] [32mBuilding CXX object CMakeFiles/rpc_client_node.dir/src/client.cpp.o[0m
[6.259s] [01m[K/home/booster/Workspace/boosterxjw/booster_ros2_example/rpc_client/src/client.cpp:[m[K In function â€˜[01m[Kvoid sendStopCommand()[m[Kâ€™:
[6.259s] [01m[K/home/booster/Workspace/boosterxjw/booster_ros2_example/rpc_client/src/client.cpp:15:10:[m[K [01;31m[Kerror: [m[Kâ€˜[01m[Kclient[m[Kâ€™ was not declared in this scope
[6.259s]    15 |     if (![01;31m[Kclient[m[K->service_is_ready()) return;
[6.260s]       |          [01;31m[K^~~~~~[m[K
[6.272s] [01m[K/home/booster/Workspace/boosterxjw/booster_ros2_example/rpc_client/src/client.cpp:19:19:[m[K [01;31m[Kerror: [m[Kâ€˜[01m[Kclient[m[Kâ€™ was not declared in this scope
[6.272s]    19 |     auto result = [01;31m[Kclient[m[K->async_send_request(request);
[6.272s]       |                   [01;31m[K^~~~~~[m[K
[6.280s] In file included from [01m[K/opt/ros/humble/include/rclcpp/rclcpp/client.hpp:40[m[K,
[6.280s]                  from [01m[K/opt/ros/humble/include/rclcpp/rclcpp/callback_group.hpp:24[m[K,
[6.280s]                  from [01m[K/opt/ros/humble/include/rclcpp/rclcpp/any_executable.hpp:20[m[K,
[6.280s]                  from [01m[K/opt/ros/humble/include/rclcpp/rclcpp/memory_strategy.hpp:25[m[K,
[6.280s]                  from [01m[K/opt/ros/humble/include/rclcpp/rclcpp/memory_strategies.hpp:18[m[K,
[6.280s]                  from [01m[K/opt/ros/humble/include/rclcpp/rclcpp/executor_options.hpp:20[m[K,
[6.280s]                  from [01m[K/opt/ros/humble/include/rclcpp/rclcpp/executor.hpp:37[m[K,
[6.280s]                  from [01m[K/opt/ros/humble/include/rclcpp/rclcpp/executors/multi_threaded_executor.hpp:25[m[K,
[6.281s]                  from [01m[K/opt/ros/humble/include/rclcpp/rclcpp/executors.hpp:21[m[K,
[6.281s]                  from [01m[K/opt/ros/humble/include/rclcpp/rclcpp/rclcpp.hpp:155[m[K,
[6.281s]                  from [01m[K/home/booster/Workspace/boosterxjw/booster_ros2_example/rpc_client/src/client.cpp:4[m[K:
[6.281s] [01m[K/home/booster/Workspace/boosterxjw/booster_ros2_example/rpc_client/src/client.cpp:20:17:[m[K [01;31m[Kerror: [m[Kâ€˜[01m[Knode[m[Kâ€™ was not declared in this scope
[6.281s]    20 |     RCLCPP_INFO([01;31m[Knode[m[K->get_logger(), "Stop command sent.");
[6.281s]       |                 [01;31m[K^~~~[m[K
[6.281s] [01m[K/home/booster/Workspace/boosterxjw/booster_ros2_example/rpc_client/src/client.cpp:20:5:[m[K [01;31m[Kerror: [m[Ktemplate argument 1 is invalid
[6.281s]    20 |     [01;31m[KRCLCPP_INFO[m[K(node->get_logger(), "Stop command sent.");
[6.281s]       |     [01;31m[K^~~~~~~~~~~[m[K
[6.281s] [01m[K/home/booster/Workspace/boosterxjw/booster_ros2_example/rpc_client/src/client.cpp:20:5:[m[K [01;31m[Kerror: [m[Ktemplate argument 1 is invalid
[6.282s]    20 |     [01;31m[KRCLCPP_INFO[m[K(node->get_logger(), "Stop command sent.");
[6.282s]       |     [01;31m[K^~~~~~~~~~~[m[K
[6.282s] [01m[K/home/booster/Workspace/boosterxjw/booster_ros2_example/rpc_client/src/client.cpp:20:5:[m[K [01;31m[Kerror: [m[Ktemplate argument 1 is invalid
[6.282s]    20 |     [01;31m[KRCLCPP_INFO[m[K(node->get_logger(), "Stop command sent.");
[6.282s]       |     [01;31m[K^~~~~~~~~~~[m[K
[6.294s] [01m[K/home/booster/Workspace/boosterxjw/booster_ros2_example/rpc_client/src/client.cpp:[m[K In function â€˜[01m[Kvoid cmdVelCallback(geometry_msgs::msg::Twist_<std::allocator<void> >::SharedPtr)[m[Kâ€™:
[6.294s] [01m[K/home/booster/Workspace/boosterxjw/booster_ros2_example/rpc_client/src/client.cpp:24:10:[m[K [01;31m[Kerror: [m[Kâ€˜[01m[Kclient[m[Kâ€™ was not declared in this scope
[6.294s]    24 |     if (![01;31m[Kclient[m[K->service_is_ready()) {
[6.295s]       |          [01;31m[K^~~~~~[m[K
[6.301s] In file included from [01m[K/opt/ros/humble/include/rclcpp/rclcpp/client.hpp:40[m[K,
[6.301s]                  from [01m[K/opt/ros/humble/include/rclcpp/rclcpp/callback_group.hpp:24[m[K,
[6.301s]                  from [01m[K/opt/ros/humble/include/rclcpp/rclcpp/any_executable.hpp:20[m[K,
[6.301s]                  from [01m[K/opt/ros/humble/include/rclcpp/rclcpp/memory_strategy.hpp:25[m[K,
[6.301s]                  from [01m[K/opt/ros/humble/include/rclcpp/rclcpp/memory_strategies.hpp:18[m[K,
[6.302s]                  from [01m[K/opt/ros/humble/include/rclcpp/rclcpp/executor_options.hpp:20[m[K,
[6.302s]                  from [01m[K/opt/ros/humble/include/rclcpp/rclcpp/executor.hpp:37[m[K,
[6.302s]                  from [01m[K/opt/ros/humble/include/rclcpp/rclcpp/executors/multi_threaded_executor.hpp:25[m[K,
[6.302s]                  from [01m[K/opt/ros/humble/include/rclcpp/rclcpp/executors.hpp:21[m[K,
[6.303s]                  from [01m[K/opt/ros/humble/include/rclcpp/rclcpp/rclcpp.hpp:155[m[K,
[6.303s]                  from [01m[K/home/booster/Workspace/boosterxjw/booster_ros2_example/rpc_client/src/client.cpp:4[m[K:
[6.303s] [01m[K/home/booster/Workspace/boosterxjw/booster_ros2_example/rpc_client/src/client.cpp:25:21:[m[K [01;31m[Kerror: [m[Kâ€˜[01m[Knode[m[Kâ€™ was not declared in this scope
[6.303s]    25 |         RCLCPP_WARN([01;31m[Knode[m[K->get_logger(), "Service not ready, skipping this cmd_vel");
[6.303s]       |                     [01;31m[K^~~~[m[K
[6.303s] [01m[K/home/booster/Workspace/boosterxjw/booster_ros2_example/rpc_client/src/client.cpp:25:9:[m[K [01;31m[Kerror: [m[Ktemplate argument 1 is invalid
[6.304s]    25 |         [01;31m[KRCLCPP_WARN[m[K(node->get_logger(), "Service not ready, skipping this cmd_vel");
[6.304s]       |         [01;31m[K^~~~~~~~~~~[m[K
[6.304s] [01m[K/home/booster/Workspace/boosterxjw/booster_ros2_example/rpc_client/src/client.cpp:25:9:[m[K [01;31m[Kerror: [m[Ktemplate argument 1 is invalid
[6.304s]    25 |         [01;31m[KRCLCPP_WARN[m[K(node->get_logger(), "Service not ready, skipping this cmd_vel");
[6.304s]       |         [01;31m[K^~~~~~~~~~~[m[K
[6.304s] [01m[K/home/booster/Workspace/boosterxjw/booster_ros2_example/rpc_client/src/client.cpp:25:9:[m[K [01;31m[Kerror: [m[Ktemplate argument 1 is invalid
[6.304s]    25 |         [01;31m[KRCLCPP_WARN[m[K(node->get_logger(), "Service not ready, skipping this cmd_vel");
[6.304s]       |         [01;31m[K^~~~~~~~~~~[m[K
[6.309s] [01m[K/home/booster/Workspace/boosterxjw/booster_ros2_example/rpc_client/src/client.cpp:38:5:[m[K [01;31m[Kerror: [m[Kâ€˜[01m[Kclient[m[Kâ€™ was not declared in this scope
[6.309s]    38 |     [01;31m[Kclient[m[K->async_send_request(request);
[6.309s]       |     [01;31m[K^~~~~~[m[K
[6.315s] In file included from [01m[K/opt/ros/humble/include/rclcpp/rclcpp/client.hpp:40[m[K,
[6.315s]                  from [01m[K/opt/ros/humble/include/rclcpp/rclcpp/callback_group.hpp:24[m[K,
[6.315s]                  from [01m[K/opt/ros/humble/include/rclcpp/rclcpp/any_executable.hpp:20[m[K,
[6.316s]                  from [01m[K/opt/ros/humble/include/rclcpp/rclcpp/memory_strategy.hpp:25[m[K,
[6.316s]                  from [01m[K/opt/ros/humble/include/rclcpp/rclcpp/memory_strategies.hpp:18[m[K,
[6.316s]                  from [01m[K/opt/ros/humble/include/rclcpp/rclcpp/executor_options.hpp:20[m[K,
[6.316s]                  from [01m[K/opt/ros/humble/include/rclcpp/rclcpp/executor.hpp:37[m[K,
[6.316s]                  from [01m[K/opt/ros/humble/include/rclcpp/rclcpp/executors/multi_threaded_executor.hpp:25[m[K,
[6.316s]                  from [01m[K/opt/ros/humble/include/rclcpp/rclcpp/executors.hpp:21[m[K,
[6.316s]                  from [01m[K/opt/ros/humble/include/rclcpp/rclcpp/rclcpp.hpp:155[m[K,
[6.316s]                  from [01m[K/home/booster/Workspace/boosterxjw/booster_ros2_example/rpc_client/src/client.cpp:4[m[K:
[6.316s] [01m[K/home/booster/Workspace/boosterxjw/booster_ros2_example/rpc_client/src/client.cpp:39:17:[m[K [01;31m[Kerror: [m[Kâ€˜[01m[Knode[m[Kâ€™ was not declared in this scope
[6.316s]    39 |     RCLCPP_INFO([01;31m[Knode[m[K->get_logger(), "Move command sent.");
[6.317s]       |                 [01;31m[K^~~~[m[K
[6.317s] [01m[K/home/booster/Workspace/boosterxjw/booster_ros2_example/rpc_client/src/client.cpp:39:5:[m[K [01;31m[Kerror: [m[Ktemplate argument 1 is invalid
[6.317s]    39 |     [01;31m[KRCLCPP_INFO[m[K(node->get_logger(), "Move command sent.");
[6.317s]       |     [01;31m[K^~~~~~~~~~~[m[K
[6.317s] [01m[K/home/booster/Workspace/boosterxjw/booster_ros2_example/rpc_client/src/client.cpp:39:5:[m[K [01;31m[Kerror: [m[Ktemplate argument 1 is invalid
[6.317s]    39 |     [01;31m[KRCLCPP_INFO[m[K(node->get_logger(), "Move command sent.");
[6.317s]       |     [01;31m[K^~~~~~~~~~~[m[K
[6.318s] [01m[K/home/booster/Workspace/boosterxjw/booster_ros2_example/rpc_client/src/client.cpp:39:5:[m[K [01;31m[Kerror: [m[Ktemplate argument 1 is invalid
[6.318s]    39 |     [01;31m[KRCLCPP_INFO[m[K(node->get_logger(), "Move command sent.");
[6.318s]       |     [01;31m[K^~~~~~~~~~~[m[K
[6.324s] [01m[K/home/booster/Workspace/boosterxjw/booster_ros2_example/rpc_client/src/client.cpp:42:5:[m[K [01;31m[Kerror: [m[Kâ€˜[01m[Kstop_timer[m[Kâ€™ was not declared in this scope; did you mean â€˜[01m[Kstrptime[m[Kâ€™?
[6.325s]    42 |     [01;31m[Kstop_timer[m[K = node->create_wall_timer(3s, [](){
[6.325s]       |     [01;31m[K^~~~~~~~~~[m[K
[6.325s]       |     [32m[Kstrptime[m[K
[6.331s] [01m[K/home/booster/Workspace/boosterxjw/booster_ros2_example/rpc_client/src/client.cpp:42:18:[m[K [01;31m[Kerror: [m[Kâ€˜[01m[Knode[m[Kâ€™ was not declared in this scope
[6.331s]    42 |     stop_timer = [01;31m[Knode[m[K->create_wall_timer(3s, [](){
[6.331s]       |                  [01;31m[K^~~~[m[K
[6.332s] [01m[K/home/booster/Workspace/boosterxjw/booster_ros2_example/rpc_client/src/client.cpp:[m[K In lambda function:
[6.332s] [01m[K/home/booster/Workspace/boosterxjw/booster_ros2_example/rpc_client/src/client.cpp:44:9:[m[K [01;31m[Kerror: [m[Kâ€˜[01m[Kstop_timer[m[Kâ€™ is not captured
[6.332s]    44 |         [01;31m[Kstop_timer[m[K->cancel();  // åªæ‰§è¡Œä¸€æ¬¡
[6.332s]       |         [01;31m[K^~~~~~~~~~[m[K
[6.333s] [01m[K/home/booster/Workspace/boosterxjw/booster_ros2_example/rpc_client/src/client.cpp:42:47:[m[K [01;36m[Knote: [m[Kthe lambda has no capture-default
[6.333s]    42 |     stop_timer = node->create_wall_timer(3s, [[01;36m[K][m[K(){
[6.333s]       |                                               [01;36m[K^[m[K
[6.333s] [01m[K/home/booster/Workspace/boosterxjw/booster_ros2_example/rpc_client/src/client.cpp:42:5:[m[K [01;36m[Knote: [m[Kâ€˜[01m[K<typeprefixerror>stop_timer[m[Kâ€™ declared here
[6.333s]    42 |     [01;36m[Kstop_timer[m[K = node->create_wall_timer(3s, [](){
[6.334s]       |     [01;36m[K^~~~~~~~~~[m[K
[13.426s] gmake[2]: *** [CMakeFiles/rpc_client_node.dir/build.make:76: CMakeFiles/rpc_client_node.dir/src/client.cpp.o] Error 1
[13.426s] gmake[1]: *** [CMakeFiles/Makefile2:137: CMakeFiles/rpc_client_node.dir/all] Error 2
[13.427s] gmake: *** [Makefile:146: all] Error 2
[13.432s] Invoked command in '/home/booster/Workspace/boosterxjw/booster_ros2_example/build/booster_rpc_client' returned '2': CMAKE_PREFIX_PATH=${CMAKE_PREFIX_PATH}:/opt/ros/humble /usr/bin/cmake --build /home/booster/Workspace/boosterxjw/booster_ros2_example/build/booster_rpc_client -- -j8 -l8
