[0.028s] Invoking command in '/home/booster/Workspace/boosterxjw/booster_ros2_example/build/booster_rpc_client': CMAKE_PREFIX_PATH=${CMAKE_PREFIX_PATH}:/opt/ros/humble /usr/bin/cmake --build /home/booster/Workspace/boosterxjw/booster_ros2_example/build/booster_rpc_client -- -j8 -l8
[0.101s] [35m[1mConsolidate compiler generated dependencies of target rpc_client_node[0m
[0.135s] [ 50%] [32mBuilding CXX object CMakeFiles/rpc_client_node.dir/src/client.cpp.o[0m
[5.277s] [01m[K/home/booster/Workspace/boosterxjw/booster_ros2_example/rpc_client/src/client.cpp:[m[K In function â€˜[01m[Kvoid sendStopCommand()[m[Kâ€™:
[5.277s] [01m[K/home/booster/Workspace/boosterxjw/booster_ros2_example/rpc_client/src/client.cpp:14:10:[m[K [01;31m[Kerror: [m[Kâ€˜[01m[Kclient[m[Kâ€™ was not declared in this scope
[5.277s]    14 |     if (![01;31m[Kclient[m[K->service_is_ready()) return;
[5.277s]       |          [01;31m[K^~~~~~[m[K
[5.290s] [01m[K/home/booster/Workspace/boosterxjw/booster_ros2_example/rpc_client/src/client.cpp:18:19:[m[K [01;31m[Kerror: [m[Kâ€˜[01m[Kclient[m[Kâ€™ was not declared in this scope
[5.290s]    18 |     auto result = [01;31m[Kclient[m[K->async_send_request(request);
[5.290s]       |                   [01;31m[K^~~~~~[m[K
[5.297s] In file included from [01m[K/opt/ros/humble/include/rclcpp/rclcpp/client.hpp:40[m[K,
[5.297s]                  from [01m[K/opt/ros/humble/include/rclcpp/rclcpp/callback_group.hpp:24[m[K,
[5.297s]                  from [01m[K/opt/ros/humble/include/rclcpp/rclcpp/any_executable.hpp:20[m[K,
[5.297s]                  from [01m[K/opt/ros/humble/include/rclcpp/rclcpp/memory_strategy.hpp:25[m[K,
[5.298s]                  from [01m[K/opt/ros/humble/include/rclcpp/rclcpp/memory_strategies.hpp:18[m[K,
[5.298s]                  from [01m[K/opt/ros/humble/include/rclcpp/rclcpp/executor_options.hpp:20[m[K,
[5.298s]                  from [01m[K/opt/ros/humble/include/rclcpp/rclcpp/executor.hpp:37[m[K,
[5.298s]                  from [01m[K/opt/ros/humble/include/rclcpp/rclcpp/executors/multi_threaded_executor.hpp:25[m[K,
[5.298s]                  from [01m[K/opt/ros/humble/include/rclcpp/rclcpp/executors.hpp:21[m[K,
[5.298s]                  from [01m[K/opt/ros/humble/include/rclcpp/rclcpp/rclcpp.hpp:155[m[K,
[5.298s]                  from [01m[K/home/booster/Workspace/boosterxjw/booster_ros2_example/rpc_client/src/client.cpp:4[m[K:
[5.298s] [01m[K/home/booster/Workspace/boosterxjw/booster_ros2_example/rpc_client/src/client.cpp:19:17:[m[K [01;31m[Kerror: [m[Kâ€˜[01m[Knode[m[Kâ€™ was not declared in this scope
[5.299s]    19 |     RCLCPP_INFO([01;31m[Knode[m[K->get_logger(), "Stop command sent.");
[5.299s]       |                 [01;31m[K^~~~[m[K
[5.299s] [01m[K/home/booster/Workspace/boosterxjw/booster_ros2_example/rpc_client/src/client.cpp:19:5:[m[K [01;31m[Kerror: [m[Ktemplate argument 1 is invalid
[5.299s]    19 |     [01;31m[KRCLCPP_INFO[m[K(node->get_logger(), "Stop command sent.");
[5.299s]       |     [01;31m[K^~~~~~~~~~~[m[K
[5.299s] [01m[K/home/booster/Workspace/boosterxjw/booster_ros2_example/rpc_client/src/client.cpp:19:5:[m[K [01;31m[Kerror: [m[Ktemplate argument 1 is invalid
[5.299s]    19 |     [01;31m[KRCLCPP_INFO[m[K(node->get_logger(), "Stop command sent.");
[5.299s]       |     [01;31m[K^~~~~~~~~~~[m[K
[5.299s] [01m[K/home/booster/Workspace/boosterxjw/booster_ros2_example/rpc_client/src/client.cpp:19:5:[m[K [01;31m[Kerror: [m[Ktemplate argument 1 is invalid
[5.299s]    19 |     [01;31m[KRCLCPP_INFO[m[K(node->get_logger(), "Stop command sent.");
[5.299s]       |     [01;31m[K^~~~~~~~~~~[m[K
[5.310s] [01m[K/home/booster/Workspace/boosterxjw/booster_ros2_example/rpc_client/src/client.cpp:[m[K In function â€˜[01m[Kvoid cmdVelCallback(geometry_msgs::msg::Twist_<std::allocator<void> >::SharedPtr)[m[Kâ€™:
[5.310s] [01m[K/home/booster/Workspace/boosterxjw/booster_ros2_example/rpc_client/src/client.cpp:23:10:[m[K [01;31m[Kerror: [m[Kâ€˜[01m[Kclient[m[Kâ€™ was not declared in this scope
[5.311s]    23 |     if (![01;31m[Kclient[m[K->service_is_ready()) {
[5.311s]       |          [01;31m[K^~~~~~[m[K
[5.318s] In file included from [01m[K/opt/ros/humble/include/rclcpp/rclcpp/client.hpp:40[m[K,
[5.318s]                  from [01m[K/opt/ros/humble/include/rclcpp/rclcpp/callback_group.hpp:24[m[K,
[5.318s]                  from [01m[K/opt/ros/humble/include/rclcpp/rclcpp/any_executable.hpp:20[m[K,
[5.318s]                  from [01m[K/opt/ros/humble/include/rclcpp/rclcpp/memory_strategy.hpp:25[m[K,
[5.318s]                  from [01m[K/opt/ros/humble/include/rclcpp/rclcpp/memory_strategies.hpp:18[m[K,
[5.319s]                  from [01m[K/opt/ros/humble/include/rclcpp/rclcpp/executor_options.hpp:20[m[K,
[5.319s]                  from [01m[K/opt/ros/humble/include/rclcpp/rclcpp/executor.hpp:37[m[K,
[5.319s]                  from [01m[K/opt/ros/humble/include/rclcpp/rclcpp/executors/multi_threaded_executor.hpp:25[m[K,
[5.319s]                  from [01m[K/opt/ros/humble/include/rclcpp/rclcpp/executors.hpp:21[m[K,
[5.319s]                  from [01m[K/opt/ros/humble/include/rclcpp/rclcpp/rclcpp.hpp:155[m[K,
[5.319s]                  from [01m[K/home/booster/Workspace/boosterxjw/booster_ros2_example/rpc_client/src/client.cpp:4[m[K:
[5.319s] [01m[K/home/booster/Workspace/boosterxjw/booster_ros2_example/rpc_client/src/client.cpp:24:21:[m[K [01;31m[Kerror: [m[Kâ€˜[01m[Knode[m[Kâ€™ was not declared in this scope
[5.320s]    24 |         RCLCPP_WARN([01;31m[Knode[m[K->get_logger(), "Service not ready, skipping this cmd_vel");
[5.320s]       |                     [01;31m[K^~~~[m[K
[5.320s] [01m[K/home/booster/Workspace/boosterxjw/booster_ros2_example/rpc_client/src/client.cpp:24:9:[m[K [01;31m[Kerror: [m[Ktemplate argument 1 is invalid
[5.320s]    24 |         [01;31m[KRCLCPP_WARN[m[K(node->get_logger(), "Service not ready, skipping this cmd_vel");
[5.320s]       |         [01;31m[K^~~~~~~~~~~[m[K
[5.320s] [01m[K/home/booster/Workspace/boosterxjw/booster_ros2_example/rpc_client/src/client.cpp:24:9:[m[K [01;31m[Kerror: [m[Ktemplate argument 1 is invalid
[5.320s]    24 |         [01;31m[KRCLCPP_WARN[m[K(node->get_logger(), "Service not ready, skipping this cmd_vel");
[5.321s]       |         [01;31m[K^~~~~~~~~~~[m[K
[5.321s] [01m[K/home/booster/Workspace/boosterxjw/booster_ros2_example/rpc_client/src/client.cpp:24:9:[m[K [01;31m[Kerror: [m[Ktemplate argument 1 is invalid
[5.321s]    24 |         [01;31m[KRCLCPP_WARN[m[K(node->get_logger(), "Service not ready, skipping this cmd_vel");
[5.321s]       |         [01;31m[K^~~~~~~~~~~[m[K
[5.326s] [01m[K/home/booster/Workspace/boosterxjw/booster_ros2_example/rpc_client/src/client.cpp:37:5:[m[K [01;31m[Kerror: [m[Kâ€˜[01m[Kclient[m[Kâ€™ was not declared in this scope
[5.326s]    37 |     [01;31m[Kclient[m[K->async_send_request(request);
[5.326s]       |     [01;31m[K^~~~~~[m[K
[5.333s] In file included from [01m[K/opt/ros/humble/include/rclcpp/rclcpp/client.hpp:40[m[K,
[5.333s]                  from [01m[K/opt/ros/humble/include/rclcpp/rclcpp/callback_group.hpp:24[m[K,
[5.333s]                  from [01m[K/opt/ros/humble/include/rclcpp/rclcpp/any_executable.hpp:20[m[K,
[5.333s]                  from [01m[K/opt/ros/humble/include/rclcpp/rclcpp/memory_strategy.hpp:25[m[K,
[5.333s]                  from [01m[K/opt/ros/humble/include/rclcpp/rclcpp/memory_strategies.hpp:18[m[K,
[5.334s]                  from [01m[K/opt/ros/humble/include/rclcpp/rclcpp/executor_options.hpp:20[m[K,
[5.334s]                  from [01m[K/opt/ros/humble/include/rclcpp/rclcpp/executor.hpp:37[m[K,
[5.334s]                  from [01m[K/opt/ros/humble/include/rclcpp/rclcpp/executors/multi_threaded_executor.hpp:25[m[K,
[5.334s]                  from [01m[K/opt/ros/humble/include/rclcpp/rclcpp/executors.hpp:21[m[K,
[5.334s]                  from [01m[K/opt/ros/humble/include/rclcpp/rclcpp/rclcpp.hpp:155[m[K,
[5.334s]                  from [01m[K/home/booster/Workspace/boosterxjw/booster_ros2_example/rpc_client/src/client.cpp:4[m[K:
[5.334s] [01m[K/home/booster/Workspace/boosterxjw/booster_ros2_example/rpc_client/src/client.cpp:38:17:[m[K [01;31m[Kerror: [m[Kâ€˜[01m[Knode[m[Kâ€™ was not declared in this scope
[5.335s]    38 |     RCLCPP_INFO([01;31m[Knode[m[K->get_logger(), "Move command sent.");
[5.335s]       |                 [01;31m[K^~~~[m[K
[5.335s] [01m[K/home/booster/Workspace/boosterxjw/booster_ros2_example/rpc_client/src/client.cpp:38:5:[m[K [01;31m[Kerror: [m[Ktemplate argument 1 is invalid
[5.335s]    38 |     [01;31m[KRCLCPP_INFO[m[K(node->get_logger(), "Move command sent.");
[5.335s]       |     [01;31m[K^~~~~~~~~~~[m[K
[5.335s] [01m[K/home/booster/Workspace/boosterxjw/booster_ros2_example/rpc_client/src/client.cpp:38:5:[m[K [01;31m[Kerror: [m[Ktemplate argument 1 is invalid
[5.335s]    38 |     [01;31m[KRCLCPP_INFO[m[K(node->get_logger(), "Move command sent.");
[5.335s]       |     [01;31m[K^~~~~~~~~~~[m[K
[5.335s] [01m[K/home/booster/Workspace/boosterxjw/booster_ros2_example/rpc_client/src/client.cpp:38:5:[m[K [01;31m[Kerror: [m[Ktemplate argument 1 is invalid
[5.335s]    38 |     [01;31m[KRCLCPP_INFO[m[K(node->get_logger(), "Move command sent.");
[5.335s]       |     [01;31m[K^~~~~~~~~~~[m[K
[5.341s] [01m[K/home/booster/Workspace/boosterxjw/booster_ros2_example/rpc_client/src/client.cpp:41:5:[m[K [01;31m[Kerror: [m[Kâ€˜[01m[Kstop_timer[m[Kâ€™ was not declared in this scope; did you mean â€˜[01m[Kstrptime[m[Kâ€™?
[5.341s]    41 |     [01;31m[Kstop_timer[m[K = node->create_wall_timer(3s, [](){
[5.341s]       |     [01;31m[K^~~~~~~~~~[m[K
[5.342s]       |     [32m[Kstrptime[m[K
[5.348s] [01m[K/home/booster/Workspace/boosterxjw/booster_ros2_example/rpc_client/src/client.cpp:41:18:[m[K [01;31m[Kerror: [m[Kâ€˜[01m[Knode[m[Kâ€™ was not declared in this scope
[5.348s]    41 |     stop_timer = [01;31m[Knode[m[K->create_wall_timer(3s, [](){
[5.349s]       |                  [01;31m[K^~~~[m[K
[5.349s] [01m[K/home/booster/Workspace/boosterxjw/booster_ros2_example/rpc_client/src/client.cpp:[m[K In lambda function:
[5.349s] [01m[K/home/booster/Workspace/boosterxjw/booster_ros2_example/rpc_client/src/client.cpp:43:9:[m[K [01;31m[Kerror: [m[Kâ€˜[01m[Kstop_timer[m[Kâ€™ is not captured
[5.349s]    43 |         [01;31m[Kstop_timer[m[K->cancel();  // åªæ‰§è¡Œä¸€æ¬¡
[5.349s]       |         [01;31m[K^~~~~~~~~~[m[K
[5.349s] [01m[K/home/booster/Workspace/boosterxjw/booster_ros2_example/rpc_client/src/client.cpp:41:47:[m[K [01;36m[Knote: [m[Kthe lambda has no capture-default
[5.350s]    41 |     stop_timer = node->create_wall_timer(3s, [[01;36m[K][m[K(){
[5.350s]       |                                               [01;36m[K^[m[K
[5.350s] [01m[K/home/booster/Workspace/boosterxjw/booster_ros2_example/rpc_client/src/client.cpp:41:5:[m[K [01;36m[Knote: [m[Kâ€˜[01m[K<typeprefixerror>stop_timer[m[Kâ€™ declared here
[5.350s]    41 |     [01;36m[Kstop_timer[m[K = node->create_wall_timer(3s, [](){
[5.350s]       |     [01;36m[K^~~~~~~~~~[m[K
[5.355s] [01m[K/home/booster/Workspace/boosterxjw/booster_ros2_example/rpc_client/src/client.cpp:[m[K In function â€˜[01m[Kint main(int, char**)[m[Kâ€™:
[5.356s] [01m[K/home/booster/Workspace/boosterxjw/booster_ros2_example/rpc_client/src/client.cpp:50:5:[m[K [01;31m[Kerror: [m[Kâ€˜[01m[Knode[m[Kâ€™ was not declared in this scope
[5.356s]    50 |     [01;31m[Knode[m[K = rclcpp::Node::make_shared("rpc_client_node");
[5.356s]       |     [01;31m[K^~~~[m[K
[5.362s] [01m[K/home/booster/Workspace/boosterxjw/booster_ros2_example/rpc_client/src/client.cpp:53:5:[m[K [01;31m[Kerror: [m[Kâ€˜[01m[Kclient[m[Kâ€™ was not declared in this scope
[5.363s]    53 |     [01;31m[Kclient[m[K = node->create_client<booster_interface::srv::RpcService>(
[5.363s]       |     [01;31m[K^~~~~~[m[K
[5.363s] [01m[K/home/booster/Workspace/boosterxjw/booster_ros2_example/rpc_client/src/client.cpp:53:68:[m[K [01;31m[Kerror: [m[Kexpected primary-expression before â€˜[01m[K>[m[Kâ€™ token
[5.363s]    53 |     client = node->create_client<booster_interface::srv::RpcService[01;31m[K>[m[K(
[5.363s]       |                                                                    [01;31m[K^[m[K
[5.365s] [01m[K/home/booster/Workspace/boosterxjw/booster_ros2_example/rpc_client/src/client.cpp:78:76:[m[K [01;31m[Kerror: [m[Kexpected primary-expression before â€˜[01m[K>[m[Kâ€™ token
[5.365s]    78 |     auto subscription = node->create_subscription<geometry_msgs::msg::Twist[01;31m[K>[m[K(
[5.366s]       |                                                                            [01;31m[K^[m[K
[5.366s] [01m[K/home/booster/Workspace/boosterxjw/booster_ros2_example/rpc_client/src/client.cpp:79:9:[m[K [01;35m[Kwarning: [m[Kleft operand of comma operator has no effect [[01;35m[K-Wunused-value[m[K]
[5.366s]    79 |         [01;35m[K"/cmd_vel"[m[K, 10, &cmdVelCallback);
[5.366s]       |         [01;35m[K^~~~~~~~~~[m[K
[5.367s] [01m[K/home/booster/Workspace/boosterxjw/booster_ros2_example/rpc_client/src/client.cpp:79:26:[m[K [01;35m[Kwarning: [m[Kright operand of comma operator has no effect [[01;35m[K-Wunused-value[m[K]
[5.367s]    79 |         "/cmd_vel", 10, &[01;35m[KcmdVelCallback[m[K);
[5.367s]       |                          [01;35m[K^~~~~~~~~~~~~~[m[K
[5.367s] In file included from [01m[K/opt/ros/humble/include/rclcpp/rclcpp/client.hpp:40[m[K,
[5.368s]                  from [01m[K/opt/ros/humble/include/rclcpp/rclcpp/callback_group.hpp:24[m[K,
[5.368s]                  from [01m[K/opt/ros/humble/include/rclcpp/rclcpp/any_executable.hpp:20[m[K,
[5.368s]                  from [01m[K/opt/ros/humble/include/rclcpp/rclcpp/memory_strategy.hpp:25[m[K,
[5.368s]                  from [01m[K/opt/ros/humble/include/rclcpp/rclcpp/memory_strategies.hpp:18[m[K,
[5.368s]                  from [01m[K/opt/ros/humble/include/rclcpp/rclcpp/executor_options.hpp:20[m[K,
[5.369s]                  from [01m[K/opt/ros/humble/include/rclcpp/rclcpp/executor.hpp:37[m[K,
[5.369s]                  from [01m[K/opt/ros/humble/include/rclcpp/rclcpp/executors/multi_threaded_executor.hpp:25[m[K,
[5.369s]                  from [01m[K/opt/ros/humble/include/rclcpp/rclcpp/executors.hpp:21[m[K,
[5.369s]                  from [01m[K/opt/ros/humble/include/rclcpp/rclcpp/rclcpp.hpp:155[m[K,
[5.369s]                  from [01m[K/home/booster/Workspace/boosterxjw/booster_ros2_example/rpc_client/src/client.cpp:4[m[K:
[5.370s] [01m[K/home/booster/Workspace/boosterxjw/booster_ros2_example/rpc_client/src/client.cpp:81:5:[m[K [01;31m[Kerror: [m[Ktemplate argument 1 is invalid
[5.370s]    81 |     [01;31m[KRCLCPP_INFO[m[K(node->get_logger(), "Ready to forward /cmd_vel to RPC service...");
[5.370s]       |     [01;31m[K^~~~~~~~~~~[m[K
[5.370s] [01m[K/home/booster/Workspace/boosterxjw/booster_ros2_example/rpc_client/src/client.cpp:81:5:[m[K [01;31m[Kerror: [m[Ktemplate argument 1 is invalid
[5.370s]    81 |     [01;31m[KRCLCPP_INFO[m[K(node->get_logger(), "Ready to forward /cmd_vel to RPC service...");
[5.370s]       |     [01;31m[K^~~~~~~~~~~[m[K
[5.370s] [01m[K/home/booster/Workspace/boosterxjw/booster_ros2_example/rpc_client/src/client.cpp:81:5:[m[K [01;31m[Kerror: [m[Ktemplate argument 1 is invalid
[5.370s]    81 |     [01;31m[KRCLCPP_INFO[m[K(node->get_logger(), "Ready to forward /cmd_vel to RPC service...");
[5.370s]       |     [01;31m[K^~~~~~~~~~~[m[K
[7.835s] gmake[2]: *** [CMakeFiles/rpc_client_node.dir/build.make:76: CMakeFiles/rpc_client_node.dir/src/client.cpp.o] Error 1
[7.836s] gmake[1]: *** [CMakeFiles/Makefile2:137: CMakeFiles/rpc_client_node.dir/all] Error 2
[7.837s] gmake: *** [Makefile:146: all] Error 2
[7.843s] Invoked command in '/home/booster/Workspace/boosterxjw/booster_ros2_example/build/booster_rpc_client' returned '2': CMAKE_PREFIX_PATH=${CMAKE_PREFIX_PATH}:/opt/ros/humble /usr/bin/cmake --build /home/booster/Workspace/boosterxjw/booster_ros2_example/build/booster_rpc_client -- -j8 -l8
