[0.028s] Invoking command in '/home/booster/Workspace/boosterxjw/booster_ros2_example/build/booster_rpc_client': CMAKE_PREFIX_PATH=${CMAKE_PREFIX_PATH}:/opt/ros/humble /usr/bin/cmake --build /home/booster/Workspace/boosterxjw/booster_ros2_example/build/booster_rpc_client -- -j8 -l8
[0.105s] [35m[1mConsolidate compiler generated dependencies of target rpc_client_node[0m
[0.141s] [ 50%] [32mBuilding CXX object CMakeFiles/rpc_client_node.dir/src/client.cpp.o[0m
[5.098s] [01m[K/home/booster/Workspace/boosterxjw/booster_ros2_example/rpc_client/src/client.cpp:[m[K In function â€˜[01m[Kvoid sendStopCommand()[m[Kâ€™:
[5.098s] [01m[K/home/booster/Workspace/boosterxjw/booster_ros2_example/rpc_client/src/client.cpp:15:10:[m[K [01;31m[Kerror: [m[Kâ€˜[01m[Kclient[m[Kâ€™ was not declared in this scope
[5.099s]    15 |     if (![01;31m[Kclient[m[K->service_is_ready()) return;
[5.099s]       |          [01;31m[K^~~~~~[m[K
[5.112s] [01m[K/home/booster/Workspace/boosterxjw/booster_ros2_example/rpc_client/src/client.cpp:19:19:[m[K [01;31m[Kerror: [m[Kâ€˜[01m[Kclient[m[Kâ€™ was not declared in this scope
[5.113s]    19 |     auto result = [01;31m[Kclient[m[K->async_send_request(request);
[5.113s]       |                   [01;31m[K^~~~~~[m[K
[5.122s] In file included from [01m[K/opt/ros/humble/include/rclcpp/rclcpp/client.hpp:40[m[K,
[5.122s]                  from [01m[K/opt/ros/humble/include/rclcpp/rclcpp/callback_group.hpp:24[m[K,
[5.122s]                  from [01m[K/opt/ros/humble/include/rclcpp/rclcpp/any_executable.hpp:20[m[K,
[5.122s]                  from [01m[K/opt/ros/humble/include/rclcpp/rclcpp/memory_strategy.hpp:25[m[K,
[5.123s]                  from [01m[K/opt/ros/humble/include/rclcpp/rclcpp/memory_strategies.hpp:18[m[K,
[5.123s]                  from [01m[K/opt/ros/humble/include/rclcpp/rclcpp/executor_options.hpp:20[m[K,
[5.123s]                  from [01m[K/opt/ros/humble/include/rclcpp/rclcpp/executor.hpp:37[m[K,
[5.123s]                  from [01m[K/opt/ros/humble/include/rclcpp/rclcpp/executors/multi_threaded_executor.hpp:25[m[K,
[5.123s]                  from [01m[K/opt/ros/humble/include/rclcpp/rclcpp/executors.hpp:21[m[K,
[5.123s]                  from [01m[K/opt/ros/humble/include/rclcpp/rclcpp/rclcpp.hpp:155[m[K,
[5.123s]                  from [01m[K/home/booster/Workspace/boosterxjw/booster_ros2_example/rpc_client/src/client.cpp:4[m[K:
[5.123s] [01m[K/home/booster/Workspace/boosterxjw/booster_ros2_example/rpc_client/src/client.cpp:20:17:[m[K [01;31m[Kerror: [m[Kâ€˜[01m[Knode[m[Kâ€™ was not declared in this scope
[5.123s]    20 |     RCLCPP_INFO([01;31m[Knode[m[K->get_logger(), "Stop command sent.");
[5.123s]       |                 [01;31m[K^~~~[m[K
[5.124s] [01m[K/home/booster/Workspace/boosterxjw/booster_ros2_example/rpc_client/src/client.cpp:20:5:[m[K [01;31m[Kerror: [m[Ktemplate argument 1 is invalid
[5.124s]    20 |     [01;31m[KRCLCPP_INFO[m[K(node->get_logger(), "Stop command sent.");
[5.124s]       |     [01;31m[K^~~~~~~~~~~[m[K
[5.124s] [01m[K/home/booster/Workspace/boosterxjw/booster_ros2_example/rpc_client/src/client.cpp:20:5:[m[K [01;31m[Kerror: [m[Ktemplate argument 1 is invalid
[5.124s]    20 |     [01;31m[KRCLCPP_INFO[m[K(node->get_logger(), "Stop command sent.");
[5.124s]       |     [01;31m[K^~~~~~~~~~~[m[K
[5.124s] [01m[K/home/booster/Workspace/boosterxjw/booster_ros2_example/rpc_client/src/client.cpp:20:5:[m[K [01;31m[Kerror: [m[Ktemplate argument 1 is invalid
[5.124s]    20 |     [01;31m[KRCLCPP_INFO[m[K(node->get_logger(), "Stop command sent.");
[5.124s]       |     [01;31m[K^~~~~~~~~~~[m[K
[5.136s] [01m[K/home/booster/Workspace/boosterxjw/booster_ros2_example/rpc_client/src/client.cpp:[m[K In function â€˜[01m[Kvoid cmdVelCallback(geometry_msgs::msg::Twist_<std::allocator<void> >::SharedPtr)[m[Kâ€™:
[5.137s] [01m[K/home/booster/Workspace/boosterxjw/booster_ros2_example/rpc_client/src/client.cpp:24:10:[m[K [01;31m[Kerror: [m[Kâ€˜[01m[Kclient[m[Kâ€™ was not declared in this scope
[5.137s]    24 |     if (![01;31m[Kclient[m[K->service_is_ready()) {
[5.137s]       |          [01;31m[K^~~~~~[m[K
[5.145s] In file included from [01m[K/opt/ros/humble/include/rclcpp/rclcpp/client.hpp:40[m[K,
[5.146s]                  from [01m[K/opt/ros/humble/include/rclcpp/rclcpp/callback_group.hpp:24[m[K,
[5.146s]                  from [01m[K/opt/ros/humble/include/rclcpp/rclcpp/any_executable.hpp:20[m[K,
[5.146s]                  from [01m[K/opt/ros/humble/include/rclcpp/rclcpp/memory_strategy.hpp:25[m[K,
[5.146s]                  from [01m[K/opt/ros/humble/include/rclcpp/rclcpp/memory_strategies.hpp:18[m[K,
[5.146s]                  from [01m[K/opt/ros/humble/include/rclcpp/rclcpp/executor_options.hpp:20[m[K,
[5.146s]                  from [01m[K/opt/ros/humble/include/rclcpp/rclcpp/executor.hpp:37[m[K,
[5.146s]                  from [01m[K/opt/ros/humble/include/rclcpp/rclcpp/executors/multi_threaded_executor.hpp:25[m[K,
[5.146s]                  from [01m[K/opt/ros/humble/include/rclcpp/rclcpp/executors.hpp:21[m[K,
[5.147s]                  from [01m[K/opt/ros/humble/include/rclcpp/rclcpp/rclcpp.hpp:155[m[K,
[5.147s]                  from [01m[K/home/booster/Workspace/boosterxjw/booster_ros2_example/rpc_client/src/client.cpp:4[m[K:
[5.147s] [01m[K/home/booster/Workspace/boosterxjw/booster_ros2_example/rpc_client/src/client.cpp:25:21:[m[K [01;31m[Kerror: [m[Kâ€˜[01m[Knode[m[Kâ€™ was not declared in this scope
[5.147s]    25 |         RCLCPP_WARN([01;31m[Knode[m[K->get_logger(), "Service not ready, skipping this cmd_vel");
[5.147s]       |                     [01;31m[K^~~~[m[K
[5.147s] [01m[K/home/booster/Workspace/boosterxjw/booster_ros2_example/rpc_client/src/client.cpp:25:9:[m[K [01;31m[Kerror: [m[Ktemplate argument 1 is invalid
[5.147s]    25 |         [01;31m[KRCLCPP_WARN[m[K(node->get_logger(), "Service not ready, skipping this cmd_vel");
[5.147s]       |         [01;31m[K^~~~~~~~~~~[m[K
[5.147s] [01m[K/home/booster/Workspace/boosterxjw/booster_ros2_example/rpc_client/src/client.cpp:25:9:[m[K [01;31m[Kerror: [m[Ktemplate argument 1 is invalid
[5.147s]    25 |         [01;31m[KRCLCPP_WARN[m[K(node->get_logger(), "Service not ready, skipping this cmd_vel");
[5.147s]       |         [01;31m[K^~~~~~~~~~~[m[K
[5.148s] [01m[K/home/booster/Workspace/boosterxjw/booster_ros2_example/rpc_client/src/client.cpp:25:9:[m[K [01;31m[Kerror: [m[Ktemplate argument 1 is invalid
[5.148s]    25 |         [01;31m[KRCLCPP_WARN[m[K(node->get_logger(), "Service not ready, skipping this cmd_vel");
[5.148s]       |         [01;31m[K^~~~~~~~~~~[m[K
[5.155s] [01m[K/home/booster/Workspace/boosterxjw/booster_ros2_example/rpc_client/src/client.cpp:38:5:[m[K [01;31m[Kerror: [m[Kâ€˜[01m[Kclient[m[Kâ€™ was not declared in this scope
[5.155s]    38 |     [01;31m[Kclient[m[K->async_send_request(request);
[5.155s]       |     [01;31m[K^~~~~~[m[K
[5.162s] In file included from [01m[K/opt/ros/humble/include/rclcpp/rclcpp/client.hpp:40[m[K,
[5.162s]                  from [01m[K/opt/ros/humble/include/rclcpp/rclcpp/callback_group.hpp:24[m[K,
[5.163s]                  from [01m[K/opt/ros/humble/include/rclcpp/rclcpp/any_executable.hpp:20[m[K,
[5.163s]                  from [01m[K/opt/ros/humble/include/rclcpp/rclcpp/memory_strategy.hpp:25[m[K,
[5.163s]                  from [01m[K/opt/ros/humble/include/rclcpp/rclcpp/memory_strategies.hpp:18[m[K,
[5.163s]                  from [01m[K/opt/ros/humble/include/rclcpp/rclcpp/executor_options.hpp:20[m[K,
[5.163s]                  from [01m[K/opt/ros/humble/include/rclcpp/rclcpp/executor.hpp:37[m[K,
[5.163s]                  from [01m[K/opt/ros/humble/include/rclcpp/rclcpp/executors/multi_threaded_executor.hpp:25[m[K,
[5.163s]                  from [01m[K/opt/ros/humble/include/rclcpp/rclcpp/executors.hpp:21[m[K,
[5.163s]                  from [01m[K/opt/ros/humble/include/rclcpp/rclcpp/rclcpp.hpp:155[m[K,
[5.163s]                  from [01m[K/home/booster/Workspace/boosterxjw/booster_ros2_example/rpc_client/src/client.cpp:4[m[K:
[5.163s] [01m[K/home/booster/Workspace/boosterxjw/booster_ros2_example/rpc_client/src/client.cpp:39:17:[m[K [01;31m[Kerror: [m[Kâ€˜[01m[Knode[m[Kâ€™ was not declared in this scope
[5.164s]    39 |     RCLCPP_INFO([01;31m[Knode[m[K->get_logger(), "Move command sent.");
[5.164s]       |                 [01;31m[K^~~~[m[K
[5.164s] [01m[K/home/booster/Workspace/boosterxjw/booster_ros2_example/rpc_client/src/client.cpp:39:5:[m[K [01;31m[Kerror: [m[Ktemplate argument 1 is invalid
[5.164s]    39 |     [01;31m[KRCLCPP_INFO[m[K(node->get_logger(), "Move command sent.");
[5.164s]       |     [01;31m[K^~~~~~~~~~~[m[K
[5.164s] [01m[K/home/booster/Workspace/boosterxjw/booster_ros2_example/rpc_client/src/client.cpp:39:5:[m[K [01;31m[Kerror: [m[Ktemplate argument 1 is invalid
[5.164s]    39 |     [01;31m[KRCLCPP_INFO[m[K(node->get_logger(), "Move command sent.");
[5.164s]       |     [01;31m[K^~~~~~~~~~~[m[K
[5.164s] [01m[K/home/booster/Workspace/boosterxjw/booster_ros2_example/rpc_client/src/client.cpp:39:5:[m[K [01;31m[Kerror: [m[Ktemplate argument 1 is invalid
[5.164s]    39 |     [01;31m[KRCLCPP_INFO[m[K(node->get_logger(), "Move command sent.");
[5.164s]       |     [01;31m[K^~~~~~~~~~~[m[K
[5.171s] [01m[K/home/booster/Workspace/boosterxjw/booster_ros2_example/rpc_client/src/client.cpp:42:5:[m[K [01;31m[Kerror: [m[Kâ€˜[01m[Kstop_timer[m[Kâ€™ was not declared in this scope; did you mean â€˜[01m[Kstrptime[m[Kâ€™?
[5.171s]    42 |     [01;31m[Kstop_timer[m[K = node->create_wall_timer(3s, [](){
[5.171s]       |     [01;31m[K^~~~~~~~~~[m[K
[5.171s]       |     [32m[Kstrptime[m[K
[5.180s] [01m[K/home/booster/Workspace/boosterxjw/booster_ros2_example/rpc_client/src/client.cpp:42:18:[m[K [01;31m[Kerror: [m[Kâ€˜[01m[Knode[m[Kâ€™ was not declared in this scope
[5.180s]    42 |     stop_timer = [01;31m[Knode[m[K->create_wall_timer(3s, [](){
[5.180s]       |                  [01;31m[K^~~~[m[K
[5.180s] [01m[K/home/booster/Workspace/boosterxjw/booster_ros2_example/rpc_client/src/client.cpp:[m[K In lambda function:
[5.181s] [01m[K/home/booster/Workspace/boosterxjw/booster_ros2_example/rpc_client/src/client.cpp:44:9:[m[K [01;31m[Kerror: [m[Kâ€˜[01m[Kstop_timer[m[Kâ€™ is not captured
[5.181s]    44 |         [01;31m[Kstop_timer[m[K->cancel();  // åªæ‰§è¡Œä¸€æ¬¡
[5.181s]       |         [01;31m[K^~~~~~~~~~[m[K
[5.181s] [01m[K/home/booster/Workspace/boosterxjw/booster_ros2_example/rpc_client/src/client.cpp:42:47:[m[K [01;36m[Knote: [m[Kthe lambda has no capture-default
[5.181s]    42 |     stop_timer = node->create_wall_timer(3s, [[01;36m[K][m[K(){
[5.181s]       |                                               [01;36m[K^[m[K
[5.181s] [01m[K/home/booster/Workspace/boosterxjw/booster_ros2_example/rpc_client/src/client.cpp:42:5:[m[K [01;36m[Knote: [m[Kâ€˜[01m[K<typeprefixerror>stop_timer[m[Kâ€™ declared here
[5.181s]    42 |     [01;36m[Kstop_timer[m[K = node->create_wall_timer(3s, [](){
[5.181s]       |     [01;36m[K^~~~~~~~~~[m[K
[12.374s] gmake[2]: *** [CMakeFiles/rpc_client_node.dir/build.make:76: CMakeFiles/rpc_client_node.dir/src/client.cpp.o] Error 1
[12.374s] gmake[1]: *** [CMakeFiles/Makefile2:137: CMakeFiles/rpc_client_node.dir/all] Error 2
[12.374s] gmake: *** [Makefile:146: all] Error 2
[12.381s] Invoked command in '/home/booster/Workspace/boosterxjw/booster_ros2_example/build/booster_rpc_client' returned '2': CMAKE_PREFIX_PATH=${CMAKE_PREFIX_PATH}:/opt/ros/humble /usr/bin/cmake --build /home/booster/Workspace/boosterxjw/booster_ros2_example/build/booster_rpc_client -- -j8 -l8
