[01m[K/home/booster/Workspace/boosterxjw/booster_ros2_example/rpc_client/src/client.cpp:[m[K In function â€˜[01m[Kvoid cmdVelCallback(geometry_msgs::msg::Twist_<std::allocator<void> >::SharedPtr)[m[Kâ€™:
[01m[K/home/booster/Workspace/boosterxjw/booster_ros2_example/rpc_client/src/client.cpp:44:5:[m[K [01;31m[Kerror: [m[Kâ€˜[01m[Kstop_timer[m[Kâ€™ was not declared in this scope; did you mean â€˜[01m[Kstrptime[m[Kâ€™?
   44 |     [01;31m[Kstop_timer[m[K = node->create_wall_timer(3s, [](){
      |     [01;31m[K^~~~~~~~~~[m[K
      |     [32m[Kstrptime[m[K
[01m[K/home/booster/Workspace/boosterxjw/booster_ros2_example/rpc_client/src/client.cpp:[m[K In lambda function:
[01m[K/home/booster/Workspace/boosterxjw/booster_ros2_example/rpc_client/src/client.cpp:46:9:[m[K [01;31m[Kerror: [m[Kâ€˜[01m[Kstop_timer[m[Kâ€™ is not captured
   46 |         [01;31m[Kstop_timer[m[K->cancel();  // åªæ‰§è¡Œä¸€æ¬¡
      |         [01;31m[K^~~~~~~~~~[m[K
[01m[K/home/booster/Workspace/boosterxjw/booster_ros2_example/rpc_client/src/client.cpp:44:47:[m[K [01;36m[Knote: [m[Kthe lambda has no capture-default
   44 |     stop_timer = node->create_wall_timer(3s, [[01;36m[K][m[K(){
      |                                               [01;36m[K^[m[K
[01m[K/home/booster/Workspace/boosterxjw/booster_ros2_example/rpc_client/src/client.cpp:44:5:[m[K [01;36m[Knote: [m[Kâ€˜[01m[K<typeprefixerror>stop_timer[m[Kâ€™ declared here
   44 |     [01;36m[Kstop_timer[m[K = node->create_wall_timer(3s, [](){
      |     [01;36m[K^~~~~~~~~~[m[K
gmake[2]: *** [CMakeFiles/rpc_client_node.dir/build.make:76: CMakeFiles/rpc_client_node.dir/src/client.cpp.o] Error 1
gmake[1]: *** [CMakeFiles/Makefile2:137: CMakeFiles/rpc_client_node.dir/all] Error 2
gmake: *** [Makefile:146: all] Error 2
