[0.014s] Invoking command in '/home/booster/Workspace/boosterxjw/booster_nav2_controller/build/booster_nav2_controller': CMAKE_PREFIX_PATH=/opt/ros/humble /usr/bin/cmake /home/booster/Workspace/boosterxjw/booster_nav2_controller -DCMAKE_INSTALL_PREFIX=/home/booster/Workspace/boosterxjw/booster_nav2_controller/install/booster_nav2_controller
[0.036s] -- Found ament_cmake: 1.3.11 (/opt/ros/humble/share/ament_cmake/cmake)
[0.270s] -- Found rclcpp: 16.0.12 (/opt/ros/humble/share/rclcpp/cmake)
[0.329s] -- Found rosidl_generator_c: 3.1.6 (/opt/ros/humble/share/rosidl_generator_c/cmake)
[0.332s] -- Found rosidl_adapter: 3.1.6 (/opt/ros/humble/share/rosidl_adapter/cmake)
[0.341s] -- Found rosidl_generator_cpp: 3.1.6 (/opt/ros/humble/share/rosidl_generator_cpp/cmake)
[0.357s] -- Using all available rosidl_typesupport_c: rosidl_typesupport_fastrtps_c;rosidl_typesupport_introspection_c
[0.373s] -- Using all available rosidl_typesupport_cpp: rosidl_typesupport_fastrtps_cpp;rosidl_typesupport_introspection_cpp
[0.421s] -- Found rmw_implementation_cmake: 6.1.2 (/opt/ros/humble/share/rmw_implementation_cmake/cmake)
[0.423s] -- Found rmw_fastrtps_cpp: 6.2.7 (/opt/ros/humble/share/rmw_fastrtps_cpp/cmake)
[0.587s] -- Using RMW implementation 'rmw_fastrtps_cpp' as default
[0.657s] -- Found geometry_msgs: 4.8.0 (/opt/ros/humble/share/geometry_msgs/cmake)
[0.673s] -- Found nav2_msgs: 1.1.18 (/opt/ros/humble/share/nav2_msgs/cmake)
[0.758s] -- Found tf2_ros: 0.25.12 (/opt/ros/humble/share/tf2_ros/cmake)
[0.839s] -- Found tf2_geometry_msgs: 0.25.12 (/opt/ros/humble/share/tf2_geometry_msgs/cmake)
[0.843s] -- Found eigen3_cmake_module: 0.1.1 (/opt/ros/humble/share/eigen3_cmake_module/cmake)
[0.845s] -- Ensuring Eigen3 include directory is part of orocos-kdl CMake target
[0.858s] -- Found ament_lint_auto: 0.12.12 (/opt/ros/humble/share/ament_lint_auto/cmake)
[1.035s] -- Added test 'cppcheck' to perform static code analysis on C / C++ code
[1.036s] -- Configured cppcheck include dirs: /home/booster/Workspace/boosterxjw/booster_nav2_controller/include
[1.036s] -- Configured cppcheck exclude dirs and/or files: 
[1.039s] -- Added test 'flake8' to check Python code syntax and style conventions
[1.043s] -- Added test 'lint_cmake' to check CMake code style
[1.046s] -- Added test 'pep257' to check Python code against some of the docstring style conventions in PEP 257
[1.057s] -- Added test 'uncrustify' to check C / C++ code style
[1.058s] -- Configured uncrustify additional arguments: 
[1.060s] -- Added test 'xmllint' to check XML markup files
[1.063s] -- Configuring done
[1.181s] -- Generating done
[1.194s] -- Build files have been written to: /home/booster/Workspace/boosterxjw/booster_nav2_controller/build/booster_nav2_controller
[1.215s] Invoked command in '/home/booster/Workspace/boosterxjw/booster_nav2_controller/build/booster_nav2_controller' returned '0': CMAKE_PREFIX_PATH=/opt/ros/humble /usr/bin/cmake /home/booster/Workspace/boosterxjw/booster_nav2_controller -DCMAKE_INSTALL_PREFIX=/home/booster/Workspace/boosterxjw/booster_nav2_controller/install/booster_nav2_controller
[1.218s] Invoking command in '/home/booster/Workspace/boosterxjw/booster_nav2_controller/build/booster_nav2_controller': CMAKE_PREFIX_PATH=/opt/ros/humble /usr/bin/cmake --build /home/booster/Workspace/boosterxjw/booster_nav2_controller/build/booster_nav2_controller -- -j8 -l8
[1.317s] [ 50%] [32mBuilding CXX object CMakeFiles/booster_nav2_example.dir/src/booster_nav2_example.cpp.o[0m
[1.951s] [01m[K/home/booster/Workspace/boosterxjw/booster_nav2_controller/src/booster_nav2_example.cpp:3:10:[m[K [01;31m[Kfatal error: [m[Knav2_msgs/action/navigate_to_pose.hpp: No such file or directory
[1.952s]     3 | #include [01;31m[K<nav2_msgs/action/navigate_to_pose.hpp>[m[K
[1.952s]       |          [01;31m[K^~~~~~~~~~~~~~~~~~~~~~~~~~~~~~~~~~~~~~~[m[K
[1.952s] compilation terminated.
[1.959s] gmake[2]: *** [CMakeFiles/booster_nav2_example.dir/build.make:76: CMakeFiles/booster_nav2_example.dir/src/booster_nav2_example.cpp.o] Error 1
[1.959s] gmake[1]: *** [CMakeFiles/Makefile2:137: CMakeFiles/booster_nav2_example.dir/all] Error 2
[1.960s] gmake: *** [Makefile:146: all] Error 2
[1.966s] Invoked command in '/home/booster/Workspace/boosterxjw/booster_nav2_controller/build/booster_nav2_controller' returned '2': CMAKE_PREFIX_PATH=/opt/ros/humble /usr/bin/cmake --build /home/booster/Workspace/boosterxjw/booster_nav2_controller/build/booster_nav2_controller -- -j8 -l8
