[35m[1mConsolidate compiler generated dependencies of target rpc_client_node[0m
[ 50%] [32mBuilding CXX object CMakeFiles/rpc_client_node.dir/src/client.cpp.o[0m
[01m[K/home/booster/Workspace/boosterxjw/booster_ros2_example/rpc_client/src/client.cpp:[m[K In function â€˜[01m[Kvoid sendStopCommand()[m[Kâ€™:
[01m[K/home/booster/Workspace/boosterxjw/booster_ros2_example/rpc_client/src/client.cpp:14:10:[m[K [01;31m[Kerror: [m[Kâ€˜[01m[Kclient[m[Kâ€™ was not declared in this scope
   14 |     if (![01;31m[Kclient[m[K->service_is_ready()) return;
      |          [01;31m[K^~~~~~[m[K
[01m[K/home/booster/Workspace/boosterxjw/booster_ros2_example/rpc_client/src/client.cpp:18:19:[m[K [01;31m[Kerror: [m[Kâ€˜[01m[Kclient[m[Kâ€™ was not declared in this scope
   18 |     auto result = [01;31m[Kclient[m[K->async_send_request(request);
      |                   [01;31m[K^~~~~~[m[K
In file included from [01m[K/opt/ros/humble/include/rclcpp/rclcpp/client.hpp:40[m[K,
                 from [01m[K/opt/ros/humble/include/rclcpp/rclcpp/callback_group.hpp:24[m[K,
                 from [01m[K/opt/ros/humble/include/rclcpp/rclcpp/any_executable.hpp:20[m[K,
                 from [01m[K/opt/ros/humble/include/rclcpp/rclcpp/memory_strategy.hpp:25[m[K,
                 from [01m[K/opt/ros/humble/include/rclcpp/rclcpp/memory_strategies.hpp:18[m[K,
                 from [01m[K/opt/ros/humble/include/rclcpp/rclcpp/executor_options.hpp:20[m[K,
                 from [01m[K/opt/ros/humble/include/rclcpp/rclcpp/executor.hpp:37[m[K,
                 from [01m[K/opt/ros/humble/include/rclcpp/rclcpp/executors/multi_threaded_executor.hpp:25[m[K,
                 from [01m[K/opt/ros/humble/include/rclcpp/rclcpp/executors.hpp:21[m[K,
                 from [01m[K/opt/ros/humble/include/rclcpp/rclcpp/rclcpp.hpp:155[m[K,
                 from [01m[K/home/booster/Workspace/boosterxjw/booster_ros2_example/rpc_client/src/client.cpp:4[m[K:
[01m[K/home/booster/Workspace/boosterxjw/booster_ros2_example/rpc_client/src/client.cpp:19:17:[m[K [01;31m[Kerror: [m[Kâ€˜[01m[Knode[m[Kâ€™ was not declared in this scope
   19 |     RCLCPP_INFO([01;31m[Knode[m[K->get_logger(), "Stop command sent.");
      |                 [01;31m[K^~~~[m[K
[01m[K/home/booster/Workspace/boosterxjw/booster_ros2_example/rpc_client/src/client.cpp:19:5:[m[K [01;31m[Kerror: [m[Ktemplate argument 1 is invalid
   19 |     [01;31m[KRCLCPP_INFO[m[K(node->get_logger(), "Stop command sent.");
      |     [01;31m[K^~~~~~~~~~~[m[K
[01m[K/home/booster/Workspace/boosterxjw/booster_ros2_example/rpc_client/src/client.cpp:19:5:[m[K [01;31m[Kerror: [m[Ktemplate argument 1 is invalid
   19 |     [01;31m[KRCLCPP_INFO[m[K(node->get_logger(), "Stop command sent.");
      |     [01;31m[K^~~~~~~~~~~[m[K
[01m[K/home/booster/Workspace/boosterxjw/booster_ros2_example/rpc_client/src/client.cpp:19:5:[m[K [01;31m[Kerror: [m[Ktemplate argument 1 is invalid
   19 |     [01;31m[KRCLCPP_INFO[m[K(node->get_logger(), "Stop command sent.");
      |     [01;31m[K^~~~~~~~~~~[m[K
[01m[K/home/booster/Workspace/boosterxjw/booster_ros2_example/rpc_client/src/client.cpp:[m[K At global scope:
[01m[K/home/booster/Workspace/boosterxjw/booster_ros2_example/rpc_client/src/client.cpp:22:27:[m[K [01;31m[Kerror: [m[Kâ€˜[01m[Kgeometry_msgs[m[Kâ€™ does not name a type
   22 | void cmdVelCallback(const [01;31m[Kgeometry_msgs[m[K::msg::Twist::SharedPtr msg) {
      |                           [01;31m[K^~~~~~~~~~~~~[m[K
[01m[K/home/booster/Workspace/boosterxjw/booster_ros2_example/rpc_client/src/client.cpp:22:45:[m[K [01;31m[Kerror: [m[Kexpected unqualified-id before â€˜[01m[K::[m[Kâ€™ token
   22 | void cmdVelCallback(const geometry_msgs::msg[01;31m[K::[m[KTwist::SharedPtr msg) {
      |                                             [01;31m[K^~[m[K
[01m[K/home/booster/Workspace/boosterxjw/booster_ros2_example/rpc_client/src/client.cpp:22:45:[m[K [01;31m[Kerror: [m[Kexpected â€˜[01m[K)[m[Kâ€™ before â€˜[01m[K::[m[Kâ€™ token
   22 | void cmdVelCallback[34m[K([m[Kconst geometry_msgs::msg[01;31m[K:[m[K[32m[K:[m[KTwist::SharedPtr msg) {
      |                    [34m[K~[m[K                        [01;31m[K^[m[K[32m[K~[m[K
      |                                             [32m[K)[m[K
[01m[K/home/booster/Workspace/boosterxjw/booster_ros2_example/rpc_client/src/client.cpp:22:45:[m[K [01;31m[Kerror: [m[Kexpected initializer before â€˜[01m[K::[m[Kâ€™ token
   22 | void cmdVelCallback(const geometry_msgs::msg[01;31m[K::[m[KTwist::SharedPtr msg) {
      |                                             [01;31m[K^~[m[K
[01m[K/home/booster/Workspace/boosterxjw/booster_ros2_example/rpc_client/src/client.cpp:[m[K In function â€˜[01m[Kint main(int, char**)[m[Kâ€™:
[01m[K/home/booster/Workspace/boosterxjw/booster_ros2_example/rpc_client/src/client.cpp:81:51:[m[K [01;31m[Kerror: [m[Kâ€˜[01m[Kgeometry_msgs[m[Kâ€™ was not declared in this scope
   81 |     auto subscription = node->create_subscription<[01;31m[Kgeometry_msgs[m[K::msg::Twist>(
      |                                                   [01;31m[K^~~~~~~~~~~~~[m[K
[01m[K/home/booster/Workspace/boosterxjw/booster_ros2_example/rpc_client/src/client.cpp:81:31:[m[K [01;31m[Kerror: [m[Kparse error in template argument list
   81 |     auto subscription = node->[01;31m[Kcreate_subscription<geometry_msgs::msg::Twist>[m[K(
      |                               [01;31m[K^~~~~~~~~~~~~~~~~~~~~~~~~~~~~~~~~~~~~~~~~~~~~~[m[K
[01m[K/home/booster/Workspace/boosterxjw/booster_ros2_example/rpc_client/src/client.cpp:82:26:[m[K [01;31m[Kerror: [m[Kâ€˜[01m[KcmdVelCallback[m[Kâ€™ was not declared in this scope
   82 |         "/cmd_vel", 10, &[01;31m[KcmdVelCallback[m[K);
      |                          [01;31m[K^~~~~~~~~~~~~~[m[K
gmake[2]: *** [CMakeFiles/rpc_client_node.dir/build.make:76: CMakeFiles/rpc_client_node.dir/src/client.cpp.o] Error 1
gmake[1]: *** [CMakeFiles/Makefile2:137: CMakeFiles/rpc_client_node.dir/all] Error 2
gmake: *** [Makefile:146: all] Error 2
